Sat Dec 09 2017 10:24:55 GMT+0530 (India Standard Time): GET /about
Sat Dec 09 2017 10:24:58 GMT+0530 (India Standard Time): GET /
Sat Dec 09 2017 10:46:18 GMT+0530 (India Standard Time): GET /
Sat Dec 09 2017 10:46:20 GMT+0530 (India Standard Time): GET /
Sat Dec 09 2017 10:46:20 GMT+0530 (India Standard Time): GET /
Sat Dec 09 2017 10:46:23 GMT+0530 (India Standard Time): GET /
Sat Dec 09 2017 10:46:24 GMT+0530 (India Standard Time): GET /about
Sat Dec 09 2017 10:46:27 GMT+0530 (India Standard Time): GET /
Sat Dec 09 2017 10:46:28 GMT+0530 (India Standard Time): GET /
Sat Dec 09 2017 11:09:42 GMT+0530 (India Standard Time): GET /
Sat Dec 09 2017 11:41:07 GMT+0530 (India Standard Time): GET /
Sat Dec 09 2017 11:41:16 GMT+0530 (India Standard Time): GET /
Sat Dec 09 2017 11:59:42 GMT+0530 (India Standard Time): GET /
Sat Dec 09 2017 11:59:51 GMT+0530 (India Standard Time): GET /
Sat Dec 09 2017 11:59:53 GMT+0530 (India Standard Time): GET /
Sat Dec 09 2017 11:59:59 GMT+0530 (India Standard Time): GET /about
Sat Dec 09 2017 12:01:35 GMT+0530 (India Standard Time): GET /help.html
Sat Dec 09 2017 12:01:43 GMT+0530 (India Standard Time): GET /
Sat Dec 09 2017 12:02:29 GMT+0530 (India Standard Time): GET /
Sat Dec 09 2017 12:02:29 GMT+0530 (India Standard Time): GET /images.jpg
Sat Dec 09 2017 12:06:51 GMT+0530 (India Standard Time): GET /
Sat Dec 09 2017 12:06:51 GMT+0530 (India Standard Time): GET /images.jpg
Sat Dec 09 2017 12:07:54 GMT+0530 (India Standard Time): GET /
Sat Dec 09 2017 12:07:54 GMT+0530 (India Standard Time): GET /images.jpg
Sat Dec 09 2017 12:10:11 GMT+0530 (India Standard Time): GET /
Sat Dec 09 2017 12:10:11 GMT+0530 (India Standard Time): GET /images.jpg
Sat Dec 09 2017 12:10:12 GMT+0530 (India Standard Time): GET /
Sat Dec 09 2017 12:10:12 GMT+0530 (India Standard Time): GET /images.jpg
Sat Dec 09 2017 12:10:12 GMT+0530 (India Standard Time): GET /
Sat Dec 09 2017 12:10:13 GMT+0530 (India Standard Time): GET /images.jpg
Sat Dec 09 2017 12:14:28 GMT+0530 (India Standard Time): GET /
Sat Dec 09 2017 12:14:28 GMT+0530 (India Standard Time): GET /images.jpg
Sat Dec 09 2017 12:15:37 GMT+0530 (India Standard Time): GET /
Sat Dec 09 2017 12:15:37 GMT+0530 (India Standard Time): GET /images.jpg
Sat Dec 09 2017 12:16:21 GMT+0530 (India Standard Time): GET /
Sat Dec 09 2017 12:16:21 GMT+0530 (India Standard Time): GET /images.jpg
Sat Dec 09 2017 12:21:21 GMT+0530 (India Standard Time): GET /
Sat Dec 09 2017 12:21:21 GMT+0530 (India Standard Time): GET /Login.png
Sat Dec 09 2017 12:24:19 GMT+0530 (India Standard Time): GET /?firstname=abc&lastname=xyz&country=australia
Sat Dec 09 2017 12:24:19 GMT+0530 (India Standard Time): GET /Login.png
Sat Dec 09 2017 15:01:18 GMT+0530 (India Standard Time): GET /
Sat Dec 09 2017 15:01:20 GMT+0530 (India Standard Time): GET /Login.png
Sat Dec 09 2017 15:01:22 GMT+0530 (India Standard Time): GET /about
Sat Dec 09 2017 15:01:24 GMT+0530 (India Standard Time): GET /
Sat Dec 09 2017 15:01:24 GMT+0530 (India Standard Time): GET /Login.png
Sat Dec 09 2017 15:01:25 GMT+0530 (India Standard Time): GET /Projects
